<?xml version="1.0" encoding="UTF-8"?>
<!-- Generated by org.testng.reporters.JUnitXMLReporter -->
<testsuite ignored="0" hostname="Rajiv" failures="1" tests="2" name="Test for rajiv" time="34.558" errors="0" timestamp="09 Jan 2022 17:35:00 GMT">
  <testcase classname="com.LoginTest.LoginPage" name="verifyTitle" time="0.032"/>
  <testcase classname="com.LoginTest.LoginPage" name="veryfyBrowserName" time="0.035">
    <failure type="java.lang.AssertionError" message="expected [true] but found [false]">
      <![CDATA[java.lang.AssertionError: expected [true] but found [false]
	at com.LoginTest.LoginPage.veryfyBrowserName(LoginPage.java:42)
... Removed 29 stack frames]]>
    </failure>
  </testcase> <!-- veryfyBrowserName -->
</testsuite> <!-- Test for rajiv -->
